0 info it worked if it ends with ok
1 verbose cli [ 'node', '/usr/local/bin/npm', 'run', 'protractor' ]
2 info using npm@1.4.9
3 info using node@v0.10.28
4 verbose run-script [ 'preprotractor', 'protractor', 'postprotractor' ]
5 info preprotractor dlane_porffolio@0.0.1
6 verbose unsafe-perm in lifecycle true
7 info protractor dlane_porffolio@0.0.1
8 verbose unsafe-perm in lifecycle true
9 info dlane_porffolio@0.0.1 Failed to exec protractor script
10 error dlane_porffolio@0.0.1 protractor: `protractor test/protractor-conf.js`
10 error Exit status 1
11 error Failed at the dlane_porffolio@0.0.1 protractor script.
11 error This is most likely a problem with the dlane_porffolio package,
11 error not with npm itself.
11 error Tell the author that this fails on your system:
11 error     protractor test/protractor-conf.js
11 error You can get their info via:
11 error     npm owner ls dlane_porffolio
11 error There is likely additional logging output above.
12 error System Darwin 13.1.0
13 error command "node" "/usr/local/bin/npm" "run" "protractor"
14 error cwd /Users/davelane/Dev/dlane_portfolio
15 error node -v v0.10.28
16 error npm -v 1.4.9
17 error code ELIFECYCLE
18 verbose exit [ 1, true ]
